# JRE version: Java(TM) SE Runtime Environment (8.0_25-b18) (build 1.8.0_25-b18)
# Java VM: Java HotSpot(TM) 64-Bit Server VM (25.25-b02 mixed mode windows-amd64 compressed oops)
Heap:
 PSYoungGen      total 280064K, used 210432K [0x00000000eab00000, 0x0000000100000000, 0x0000000100000000)
  eden space 210432K, 100% used [0x00000000eab00000,0x00000000f7880000,0x00000000f7880000)
  from space 69632K, 0% used [0x00000000fbc00000,0x00000000fbc00000,0x0000000100000000)
  to   space 69120K, 24% used [0x00000000f7880000,0x00000000f8954010,0x00000000fbc00000)
 ParOldGen       total 308224K, used 229346K [0x00000000c0000000, 0x00000000d2d00000, 0x00000000eab00000)
  object space 308224K, 74% used [0x00000000c0000000,0x00000000cdff8bd0,0x00000000d2d00000)
 Metaspace       used 148350K, capacity 159841K, committed 161704K, reserved 1185792K
  class space    used 20849K, capacity 24837K, committed 25512K, reserved 1048576K
GC Heap History (10 events):
Event: 7516.795 GC heap after
Heap after GC invocations=57 (full 14):
 PSYoungGen      total 270848K, used 19951K [0x00000000eab00000, 0x00000000fff80000, 0x0000000100000000)
  eden space 198656K, 0% used [0x00000000eab00000,0x00000000eab00000,0x00000000f6d00000)
  from space 72192K, 27% used [0x00000000f6d00000,0x00000000f807bef0,0x00000000fb380000)
  to   space 71168K, 0% used [0x00000000fba00000,0x00000000fba00000,0x00000000fff80000)
 ParOldGen       total 308224K, used 230374K [0x00000000c0000000, 0x00000000d2d00000, 0x00000000eab00000)
  object space 308224K, 74% used [0x00000000c0000000,0x00000000ce0f9b58,0x00000000d2d00000)
 Metaspace       used 134068K, capacity 145280K, committed 145576K, reserved 1171456K
  class space    used 19056K, capacity 22876K, committed 22952K, reserved 1048576K
}
Event: 7822.681 GC heap before
{Heap before GC invocations=58 (full 14):
 PSYoungGen      total 270848K, used 218607K [0x00000000eab00000, 0x00000000fff80000, 0x0000000100000000)
  eden space 198656K, 100% used [0x00000000eab00000,0x00000000f6d00000,0x00000000f6d00000)
  from space 72192K, 27% used [0x00000000f6d00000,0x00000000f807bef0,0x00000000fb380000)
  to   space 71168K, 0% used [0x00000000fba00000,0x00000000fba00000,0x00000000fff80000)
 ParOldGen       total 308224K, used 230374K [0x00000000c0000000, 0x00000000d2d00000, 0x00000000eab00000)
  object space 308224K, 74% used [0x00000000c0000000,0x00000000ce0f9b58,0x00000000d2d00000)
 Metaspace       used 136604K, capacity 147959K, committed 148008K, reserved 1173504K
  class space    used 19476K, capacity 23334K, committed 23336K, reserved 1048576K
Event: 7822.710 GC heap after
Heap after GC invocations=58 (full 14):
 PSYoungGen      total 272384K, used 23161K [0x00000000eab00000, 0x00000000ffb00000, 0x0000000100000000)
  eden space 205824K, 0% used [0x00000000eab00000,0x00000000eab00000,0x00000000f7400000)
  from space 66560K, 34% used [0x00000000fba00000,0x00000000fd09e5f0,0x00000000ffb00000)
  to   space 69120K, 0% used [0x00000000f7400000,0x00000000f7400000,0x00000000fb780000)
 ParOldGen       total 308224K, used 230382K [0x00000000c0000000, 0x00000000d2d00000, 0x00000000eab00000)
  object space 308224K, 74% used [0x00000000c0000000,0x00000000ce0fbb58,0x00000000d2d00000)
 Metaspace       used 136604K, capacity 147959K, committed 148008K, reserved 1173504K
  class space    used 19476K, capacity 23334K, committed 23336K, reserved 1048576K
}
Event: 7824.439 GC heap before
{Heap before GC invocations=59 (full 14):
 PSYoungGen      total 272384K, used 228985K [0x00000000eab00000, 0x00000000ffb00000, 0x0000000100000000)
  eden space 205824K, 100% used [0x00000000eab00000,0x00000000f7400000,0x00000000f7400000)
  from space 66560K, 34% used [0x00000000fba00000,0x00000000fd09e5f0,0x00000000ffb00000)
  to   space 69120K, 0% used [0x00000000f7400000,0x00000000f7400000,0x00000000fb780000)
 ParOldGen       total 308224K, used 230382K [0x00000000c0000000, 0x00000000d2d00000, 0x00000000eab00000)
  object space 308224K, 74% used [0x00000000c0000000,0x00000000ce0fbb58,0x00000000d2d00000)
 Metaspace       used 143325K, capacity 155524K, committed 155816K, reserved 1179648K
  class space    used 20506K, capacity 24662K, committed 24744K, reserved 1048576K
Event: 7824.470 GC heap after
Heap after GC invocations=59 (full 14):
 PSYoungGen      total 274944K, used 44530K [0x00000000eab00000, 0x0000000100000000, 0x0000000100000000)
  eden space 205824K, 0% used [0x00000000eab00000,0x00000000eab00000,0x00000000f7400000)
  from space 69120K, 64% used [0x00000000f7400000,0x00000000f9f7ca28,0x00000000fb780000)
  to   space 69632K, 0% used [0x00000000fbc00000,0x00000000fbc00000,0x0000000100000000)
 ParOldGen       total 308224K, used 230382K [0x00000000c0000000, 0x00000000d2d00000, 0x00000000eab00000)
  object space 308224K, 74% used [0x00000000c0000000,0x00000000ce0fbb58,0x00000000d2d00000)
 Metaspace       used 143325K, capacity 155524K, committed 155816K, reserved 1179648K
  class space    used 20506K, capacity 24662K, committed 24744K, reserved 1048576K
}
Event: 7829.994 GC heap before
{Heap before GC invocations=60 (full 14):
 PSYoungGen      total 274944K, used 177968K [0x00000000eab00000, 0x0000000100000000, 0x0000000100000000)
  eden space 205824K, 64% used [0x00000000eab00000,0x00000000f2d4f658,0x00000000f7400000)
  from space 69120K, 64% used [0x00000000f7400000,0x00000000f9f7ca28,0x00000000fb780000)
  to   space 69632K, 0% used [0x00000000fbc00000,0x00000000fbc00000,0x0000000100000000)
 ParOldGen       total 308224K, used 230382K [0x00000000c0000000, 0x00000000d2d00000, 0x00000000eab00000)
  object space 308224K, 74% used [0x00000000c0000000,0x00000000ce0fbb58,0x00000000d2d00000)
 Metaspace       used 144792K, capacity 157220K, committed 157352K, reserved 1181696K
  class space    used 20749K, capacity 24994K, committed 25000K, reserved 1048576K
Event: 7830.018 GC heap after
Heap after GC invocations=60 (full 14):
 PSYoungGen      total 280064K, used 41258K [0x00000000eab00000, 0x0000000100000000, 0x0000000100000000)
  eden space 210432K, 0% used [0x00000000eab00000,0x00000000eab00000,0x00000000f7880000)
  from space 69632K, 59% used [0x00000000fbc00000,0x00000000fe44abf0,0x0000000100000000)
  to   space 69120K, 0% used [0x00000000f7880000,0x00000000f7880000,0x00000000fbc00000)
 ParOldGen       total 308224K, used 230390K [0x00000000c0000000, 0x00000000d2d00000, 0x00000000eab00000)
  object space 308224K, 74% used [0x00000000c0000000,0x00000000ce0fdb58,0x00000000d2d00000)
 Metaspace       used 144792K, capacity 157220K, committed 157352K, reserved 1181696K
  class space    used 20749K, capacity 24994K, committed 25000K, reserved 1048576K
}
Event: 7830.018 GC heap before
{Heap before GC invocations=61 (full 15):
 PSYoungGen      total 280064K, used 41258K [0x00000000eab00000, 0x0000000100000000, 0x0000000100000000)
  eden space 210432K, 0% used [0x00000000eab00000,0x00000000eab00000,0x00000000f7880000)
  from space 69632K, 59% used [0x00000000fbc00000,0x00000000fe44abf0,0x0000000100000000)
  to   space 69120K, 0% used [0x00000000f7880000,0x00000000f7880000,0x00000000fbc00000)
 ParOldGen       total 308224K, used 230390K [0x00000000c0000000, 0x00000000d2d00000, 0x00000000eab00000)
  object space 308224K, 74% used [0x00000000c0000000,0x00000000ce0fdb58,0x00000000d2d00000)
 Metaspace       used 144792K, capacity 157220K, committed 157352K, reserved 1181696K
  class space    used 20749K, capacity 24994K, committed 25000K, reserved 1048576K
Event: 7830.676 GC heap after
Heap after GC invocations=61 (full 15):
 PSYoungGen      total 280064K, used 0K [0x00000000eab00000, 0x0000000100000000, 0x0000000100000000)
  eden space 210432K, 0% used [0x00000000eab00000,0x00000000eab00000,0x00000000f7880000)
  from space 69632K, 0% used [0x00000000fbc00000,0x00000000fbc00000,0x0000000100000000)
  to   space 69120K, 0% used [0x00000000f7880000,0x00000000f7880000,0x00000000fbc00000)
 ParOldGen       total 308224K, used 229338K [0x00000000c0000000, 0x00000000d2d00000, 0x00000000eab00000)
  object space 308224K, 74% used [0x00000000c0000000,0x00000000cdff6bd0,0x00000000d2d00000)
 Metaspace       used 142984K, capacity 153674K, committed 157352K, reserved 1181696K
  class space    used 20051K, capacity 23762K, committed 25000K, reserved 1048576K
}
Event: 8004.122 GC heap before
{Heap before GC invocations=62 (full 15):
 PSYoungGen      total 280064K, used 210432K [0x00000000eab00000, 0x0000000100000000, 0x0000000100000000)
  eden space 210432K, 100% used [0x00000000eab00000,0x00000000f7880000,0x00000000f7880000)
  from space 69632K, 0% used [0x00000000fbc00000,0x00000000fbc00000,0x0000000100000000)
  to   space 69120K, 0% used [0x00000000f7880000,0x00000000f7880000,0x00000000fbc00000)
 ParOldGen       total 308224K, used 229338K [0x00000000c0000000, 0x00000000d2d00000, 0x00000000eab00000)
  object space 308224K, 74% used [0x00000000c0000000,0x00000000cdff6bd0,0x00000000d2d00000)
 Metaspace       used 148350K, capacity 159841K, committed 161704K, reserved 1185792K
  class space    used 20849K, capacity 24837K, committed 25512K, reserved 1048576K

