# JRE version: Java(TM) SE Runtime Environment (8.0_25-b18) (build 1.8.0_25-b18)
# Java VM: Java HotSpot(TM) 64-Bit Server VM (25.25-b02 mixed mode windows-amd64 compressed oops)
Heap:
 PSYoungGen      total 172032K, used 12708K [0x00000000eab00000, 0x00000000fb080000, 0x0000000100000000)
  eden space 153088K, 0% used [0x00000000eab00000,0x00000000eab00000,0x00000000f4080000)
  from space 18944K, 67% used [0x00000000f4080000,0x00000000f4ce9030,0x00000000f5300000)
  to   space 19456K, 0% used [0x00000000f9d80000,0x00000000f9d80000,0x00000000fb080000)
 ParOldGen       total 58368K, used 17658K [0x00000000c0000000, 0x00000000c3900000, 0x00000000eab00000)
  object space 58368K, 30% used [0x00000000c0000000,0x00000000c113ea08,0x00000000c3900000)
 Metaspace       used 34170K, capacity 35410K, committed 35496K, reserved 1079296K
  class space    used 4561K, capacity 5048K, committed 5120K, reserved 1048576K
GC Heap History (10 events):
Event: 4.167 GC heap after
Heap after GC invocations=6 (full 1):
 PSYoungGen      total 71680K, used 932K [0x00000000eab00000, 0x00000000f2980000, 0x0000000100000000)
  eden space 66560K, 0% used [0x00000000eab00000,0x00000000eab00000,0x00000000eec00000)
  from space 5120K, 18% used [0x00000000eec00000,0x00000000eece9128,0x00000000ef100000)
  to   space 11264K, 0% used [0x00000000f1e80000,0x00000000f1e80000,0x00000000f2980000)
 ParOldGen       total 58368K, used 8214K [0x00000000c0000000, 0x00000000c3900000, 0x00000000eab00000)
  object space 58368K, 14% used [0x00000000c0000000,0x00000000c08059e0,0x00000000c3900000)
 Metaspace       used 21118K, capacity 21464K, committed 21760K, reserved 1069056K
  class space    used 2838K, capacity 2966K, committed 3072K, reserved 1048576K
}
Event: 4.472 GC heap before
{Heap before GC invocations=7 (full 1):
 PSYoungGen      total 71680K, used 67240K [0x00000000eab00000, 0x00000000f2980000, 0x0000000100000000)
  eden space 66560K, 99% used [0x00000000eab00000,0x00000000eebc1000,0x00000000eec00000)
  from space 5120K, 18% used [0x00000000eec00000,0x00000000eece9128,0x00000000ef100000)
  to   space 11264K, 0% used [0x00000000f1e80000,0x00000000f1e80000,0x00000000f2980000)
 ParOldGen       total 58368K, used 8214K [0x00000000c0000000, 0x00000000c3900000, 0x00000000eab00000)
  object space 58368K, 14% used [0x00000000c0000000,0x00000000c08059e0,0x00000000c3900000)
 Metaspace       used 22366K, capacity 22882K, committed 23168K, reserved 1069056K
  class space    used 2960K, capacity 3131K, committed 3200K, reserved 1048576K
Event: 4.475 GC heap after
Heap after GC invocations=7 (full 1):
 PSYoungGen      total 112128K, used 3220K [0x00000000eab00000, 0x00000000f2680000, 0x0000000100000000)
  eden space 103936K, 0% used [0x00000000eab00000,0x00000000eab00000,0x00000000f1080000)
  from space 8192K, 39% used [0x00000000f1e80000,0x00000000f21a5018,0x00000000f2680000)
  to   space 11264K, 0% used [0x00000000f1080000,0x00000000f1080000,0x00000000f1b80000)
 ParOldGen       total 58368K, used 8222K [0x00000000c0000000, 0x00000000c3900000, 0x00000000eab00000)
  object space 58368K, 14% used [0x00000000c0000000,0x00000000c08079e0,0x00000000c3900000)
 Metaspace       used 22366K, capacity 22882K, committed 23168K, reserved 1069056K
  class space    used 2960K, capacity 3131K, committed 3200K, reserved 1048576K
}
Event: 5.804 GC heap before
{Heap before GC invocations=8 (full 1):
 PSYoungGen      total 112128K, used 107156K [0x00000000eab00000, 0x00000000f2680000, 0x0000000100000000)
  eden space 103936K, 100% used [0x00000000eab00000,0x00000000f1080000,0x00000000f1080000)
  from space 8192K, 39% used [0x00000000f1e80000,0x00000000f21a5018,0x00000000f2680000)
  to   space 11264K, 0% used [0x00000000f1080000,0x00000000f1080000,0x00000000f1b80000)
 ParOldGen       total 58368K, used 8222K [0x00000000c0000000, 0x00000000c3900000, 0x00000000eab00000)
  object space 58368K, 14% used [0x00000000c0000000,0x00000000c08079e0,0x00000000c3900000)
 Metaspace       used 28411K, capacity 29112K, committed 29312K, reserved 1075200K
  class space    used 3698K, capacity 3967K, committed 3968K, reserved 1048576K
Event: 5.817 GC heap after
Heap after GC invocations=8 (full 1):
 PSYoungGen      total 115200K, used 10885K [0x00000000eab00000, 0x00000000f6000000, 0x0000000100000000)
  eden space 103936K, 0% used [0x00000000eab00000,0x00000000eab00000,0x00000000f1080000)
  from space 11264K, 96% used [0x00000000f1080000,0x00000000f1b216d8,0x00000000f1b80000)
  to   space 13312K, 0% used [0x00000000f5300000,0x00000000f5300000,0x00000000f6000000)
 ParOldGen       total 58368K, used 8230K [0x00000000c0000000, 0x00000000c3900000, 0x00000000eab00000)
  object space 58368K, 14% used [0x00000000c0000000,0x00000000c08099e0,0x00000000c3900000)
 Metaspace       used 28411K, capacity 29112K, committed 29312K, reserved 1075200K
  class space    used 3698K, capacity 3967K, committed 3968K, reserved 1048576K
}
Event: 6.838 GC heap before
{Heap before GC invocations=9 (full 1):
 PSYoungGen      total 115200K, used 114821K [0x00000000eab00000, 0x00000000f6000000, 0x0000000100000000)
  eden space 103936K, 100% used [0x00000000eab00000,0x00000000f1080000,0x00000000f1080000)
  from space 11264K, 96% used [0x00000000f1080000,0x00000000f1b216d8,0x00000000f1b80000)
  to   space 13312K, 0% used [0x00000000f5300000,0x00000000f5300000,0x00000000f6000000)
 ParOldGen       total 58368K, used 8230K [0x00000000c0000000, 0x00000000c3900000, 0x00000000eab00000)
  object space 58368K, 14% used [0x00000000c0000000,0x00000000c08099e0,0x00000000c3900000)
 Metaspace       used 33769K, capacity 34980K, committed 35200K, reserved 1079296K
  class space    used 4484K, capacity 4956K, committed 4992K, reserved 1048576K
Event: 6.917 GC heap after
Heap after GC invocations=9 (full 1):
 PSYoungGen      total 166400K, used 13280K [0x00000000eab00000, 0x00000000f7900000, 0x0000000100000000)
  eden space 153088K, 0% used [0x00000000eab00000,0x00000000eab00000,0x00000000f4080000)
  from space 13312K, 99% used [0x00000000f5300000,0x00000000f5ff8040,0x00000000f6000000)
  to   space 18944K, 0% used [0x00000000f4080000,0x00000000f4080000,0x00000000f5300000)
 ParOldGen       total 58368K, used 16070K [0x00000000c0000000, 0x00000000c3900000, 0x00000000eab00000)
  object space 58368K, 27% used [0x00000000c0000000,0x00000000c0fb18b8,0x00000000c3900000)
 Metaspace       used 33769K, capacity 34980K, committed 35200K, reserved 1079296K
  class space    used 4484K, capacity 4956K, committed 4992K, reserved 1048576K
}
Event: 7.071 GC heap before
{Heap before GC invocations=10 (full 1):
 PSYoungGen      total 166400K, used 30878K [0x00000000eab00000, 0x00000000f7900000, 0x0000000100000000)
  eden space 153088K, 11% used [0x00000000eab00000,0x00000000ebc2fba8,0x00000000f4080000)
  from space 13312K, 99% used [0x00000000f5300000,0x00000000f5ff8040,0x00000000f6000000)
  to   space 18944K, 0% used [0x00000000f4080000,0x00000000f4080000,0x00000000f5300000)
 ParOldGen       total 58368K, used 16070K [0x00000000c0000000, 0x00000000c3900000, 0x00000000eab00000)
  object space 58368K, 27% used [0x00000000c0000000,0x00000000c0fb18b8,0x00000000c3900000)
 Metaspace       used 34170K, capacity 35410K, committed 35496K, reserved 1079296K
  class space    used 4561K, capacity 5048K, committed 5120K, reserved 1048576K
Event: 7.109 GC heap after
Heap after GC invocations=10 (full 1):
 PSYoungGen      total 172032K, used 12708K [0x00000000eab00000, 0x00000000fb080000, 0x0000000100000000)
  eden space 153088K, 0% used [0x00000000eab00000,0x00000000eab00000,0x00000000f4080000)
  from space 18944K, 67% used [0x00000000f4080000,0x00000000f4ce9030,0x00000000f5300000)
  to   space 19456K, 0% used [0x00000000f9d80000,0x00000000f9d80000,0x00000000fb080000)
 ParOldGen       total 58368K, used 17658K [0x00000000c0000000, 0x00000000c3900000, 0x00000000eab00000)
  object space 58368K, 30% used [0x00000000c0000000,0x00000000c113ea08,0x00000000c3900000)
 Metaspace       used 34170K, capacity 35410K, committed 35496K, reserved 1079296K
  class space    used 4561K, capacity 5048K, committed 5120K, reserved 1048576K
}
Event: 7.109 GC heap before
{Heap before GC invocations=11 (full 2):
 PSYoungGen      total 172032K, used 12708K [0x00000000eab00000, 0x00000000fb080000, 0x0000000100000000)
  eden space 153088K, 0% used [0x00000000eab00000,0x00000000eab00000,0x00000000f4080000)
  from space 18944K, 67% used [0x00000000f4080000,0x00000000f4ce9030,0x00000000f5300000)
  to   space 19456K, 0% used [0x00000000f9d80000,0x00000000f9d80000,0x00000000fb080000)
 ParOldGen       total 58368K, used 17658K [0x00000000c0000000, 0x00000000c3900000, 0x00000000eab00000)
  object space 58368K, 30% used [0x00000000c0000000,0x00000000c113ea08,0x00000000c3900000)
 Metaspace       used 34170K, capacity 35410K, committed 35496K, reserved 1079296K
  class space    used 4561K, capacity 5048K, committed 5120K, reserved 1048576K

